<?xml version="1.0" encoding="UTF-8"?>
<!-- Generated by org.testng.reporters.JUnitReportReporter -->
<testsuite skipped="0" hostname="KARTHIK-RAJENDRAN" name="com.crm.qa.test.ContactsPageTest" tests="3" failures="0" timestamp="14 Apr 2018 10:59:27 GMT" time="78.722" errors="0">
  <testcase name="validateCreateNewContact" time="34.053" classname="com.crm.qa.test.ContactsPageTest"/>
  <testcase name="validateCreateNewContact" time="22.655" classname="com.crm.qa.test.ContactsPageTest"/>
  <testcase name="validateCreateNewContact" time="22.014" classname="com.crm.qa.test.ContactsPageTest"/>
</testsuite> <!-- com.crm.qa.test.ContactsPageTest -->
