<?xml version="1.0" encoding="UTF-8"?>
<!-- Generated by org.testng.reporters.JUnitReportReporter -->
<testsuite skipped="0" hostname="KARTHIK-RAJENDRAN" name="com.crm.qa.test.HomePageTest" tests="3" failures="0" timestamp="14 Apr 2018 05:04:58 GMT" time="50.766" errors="0">
  <testcase name="verifyHomePageTitleTest" time="16.543" classname="com.crm.qa.test.HomePageTest"/>
  <testcase name="verifyUserNametest" time="17.455" classname="com.crm.qa.test.HomePageTest"/>
  <testcase name="verifyContactsLinkText" time="16.768" classname="com.crm.qa.test.HomePageTest"/>
</testsuite> <!-- com.crm.qa.test.HomePageTest -->
